#
# A fatal error has been detected by the Java Runtime Environment:
#
#  SIGFPE (0x8) at pc=0x00000001106caa08, pid=95145, tid=0x0000000000001603
#
# JRE version: Java(TM) SE Runtime Environment (8.0_181-b13) (build 1.8.0_181-b13)
# Java VM: Java HotSpot(TM) 64-Bit Server VM (25.181-b13 mixed mode bsd-amd64 compressed oops)
# Problematic frame:
# j  interview.math.PowerOfFour.powerOfFour2(I)Z+0
#
# Failed to write core dump. Core dumps have been disabled. To enable core dumping, try "ulimit -c unlimited" before starting Java again
#
# If you would like to submit a bug report, please visit:
#   http://bugreport.java.com/bugreport/crash.jsp
#

---------------  T H R E A D  ---------------

Current thread (0x00007fcb7d012800):  JavaThread "main" [_thread_in_Java, id=5635, stack(0x00000003087a1000,0x00000003088a1000)]

siginfo: si_signo: 8 (SIGFPE), si_code: 5 (FPE_FLTINV), si_addr: 0x00000001106caa08

Registers:
RAX=0x0000000000000000, RBX=0x0000000000000070, RCX=0x0000000000000000, RDX=0x0000000000000000
RSP=0x000000030889f888, RBP=0x000000030889f8c8, RSI=0x0000000000000007, RDI=0x00007fcb7d012800
R8 =0x00007fcb7d012800, R9 =0x00007fcb7d012800, R10=0x000000010f107ff0, R11=0x0000000000000e3d
R12=0x0000000000000000, R13=0x00000001293e43ea, R14=0x000000030889f8e8, R15=0x00007fcb7d012800
RIP=0x00000001106caa08, EFLAGS=0x0000000000000a87, ERR=0x0000000000000000
  TRAPNO=0x0000000000000000

Top of Stack: (sp=0x000000030889f888)
0x000000030889f888:   000000030889f888 00000001293e43e0
0x000000030889f898:   000000030889f8e8 00000001293e6d98
0x000000030889f8a8:   0000000000000000 00000001293e4438
0x000000030889f8b8:   0000000000000000 000000030889f8e0
0x000000030889f8c8:   000000030889f940 00000001106b5a90
0x000000030889f8d8:   0000000000000000 0000000000000000
0x000000030889f8e8:   000000076b7bc450 000000076b7de238
0x000000030889f8f8:   000000076ab2eed8 000000030889f900
0x000000030889f908:   00000001293e421b 000000030889f958
0x000000030889f918:   00000001293e6d98 0000000000000000
0x000000030889f928:   00000001293e4250 000000030889f8e0
0x000000030889f938:   000000030889f958 000000030889f9c0
0x000000030889f948:   00000001106ae7a7 0000000000000000
0x000000030889f958:   000000076b7bc450 0000000100001fa0
0x000000030889f968:   000000000000000a 00007fcb7d012800
0x000000030889f978:   0000000000000001 00000001106ae71f
0x000000030889f988:   00000001293e4250 000000030889fa58
0x000000030889f998:   000000030889fdb0 000000010000000a
0x000000030889f9a8:   00000001293e4250 00000001106c1600
0x000000030889f9b8:   000000030889fdc0 000000030889fb70
0x000000030889f9c8:   000000010eaefcba 0000000300000001
0x000000030889f9d8:   00007fcb7d012800 00000007c008e700
0x000000030889f9e8:   000000030889fdb0 00007fcb7be08238
0x000000030889f9f8:   00000001106c1600 000000030889fa80
0x000000030889fa08:   000000030889fdb8 000000030889fda8
0x000000030889fa18:   00007fcb7d012800 00007fcb7d012800
0x000000030889fa28:   00007fcb7be07d70 00007fcb7be08220
0x000000030889fa38:   00007fcb7be08250 00007fcb7be08308
0x000000030889fa48:   00000000000000d8 00000003088a0ad0
0x000000030889fa58:   00007fcb7d012800 00007fcb7e016260
0x000000030889fa68:   00000001293e4250 000000076b7bc450
0x000000030889fa78:   00000003088a0030 00000001106c609b 

Instructions: (pc=0x00000001106caa08)
0x00000001106ca9e8:   c8 8b 04 24 48 83 c4 08 81 f8 00 00 00 80 0f 85
0x00000001106ca9f8:   0b 00 00 00 33 d2 83 f9 ff 0f 84 03 00 00 00 99
0x00000001106caa08:   f7 f9 8b c2 41 0f b6 5d 01 49 ff c5 49 ba f0 7f
0x00000001106caa18:   10 0f 01 00 00 00 41 ff 24 da 66 0f 1f 44 00 00 

Register to memory mapping:

RAX=0x0000000000000000 is an unknown value
RBX=0x0000000000000070 is an unknown value
RCX=0x0000000000000000 is an unknown value
RDX=0x0000000000000000 is an unknown value
RSP=0x000000030889f888 is pointing into the stack for thread: 0x00007fcb7d012800
RBP=0x000000030889f8c8 is pointing into the stack for thread: 0x00007fcb7d012800
RSI=0x0000000000000007 is an unknown value
RDI=0x00007fcb7d012800 is a thread
R8 =0x00007fcb7d012800 is a thread
R9 =0x00007fcb7d012800 is a thread
R10=0x000000010f107ff0: _ZN19TemplateInterpreter13_active_tableE+0x2000 in /Library/Java/JavaVirtualMachines/jdk1.8.0_181.jdk/Contents/Home/jre/lib/server/libjvm.dylib at 0x000000010e800000
R11=0x0000000000000e3d is an unknown value
R12=0x0000000000000000 is an unknown value
R13=0x00000001293e43ea is pointing into metadata
R14=0x000000030889f8e8 is pointing into the stack for thread: 0x00007fcb7d012800
R15=0x00007fcb7d012800 is a thread


Stack: [0x00000003087a1000,0x00000003088a1000],  sp=0x000000030889f888,  free space=1018k
Native frames: (J=compiled Java code, j=interpreted, Vv=VM code, C=native code)
j  interview.math.PowerOfFour.powerOfFour2(I)Z+0
j  interview.math.PowerOfFour.isPowerOfFour()V+19
v  ~StubRoutines::call_stub
V  [libjvm.dylib+0x2efcba]  JavaCalls::call_helper(JavaValue*, methodHandle*, JavaCallArguments*, Thread*)+0x6ae
V  [libjvm.dylib+0x4d67a8]  Reflection::invoke(instanceKlassHandle, methodHandle, Handle, bool, objArrayHandle, BasicType, objArrayHandle, bool, Thread*)+0xe12
V  [libjvm.dylib+0x4d6cdc]  Reflection::invoke_method(oopDesc*, Handle, objArrayHandle, Thread*)+0x16c
V  [libjvm.dylib+0x348208]  JVM_InvokeMethod+0x166
j  sun.reflect.NativeMethodAccessorImpl.invoke0(Ljava/lang/reflect/Method;Ljava/lang/Object;[Ljava/lang/Object;)Ljava/lang/Object;+0
j  sun.reflect.NativeMethodAccessorImpl.invoke(Ljava/lang/Object;[Ljava/lang/Object;)Ljava/lang/Object;+100
j  sun.reflect.DelegatingMethodAccessorImpl.invoke(Ljava/lang/Object;[Ljava/lang/Object;)Ljava/lang/Object;+6
j  java.lang.reflect.Method.invoke(Ljava/lang/Object;[Ljava/lang/Object;)Ljava/lang/Object;+56
j  org.junit.runners.model.FrameworkMethod$1.runReflectiveCall()Ljava/lang/Object;+15
j  org.junit.internal.runners.model.ReflectiveCallable.run()Ljava/lang/Object;+1
j  org.junit.runners.model.FrameworkMethod.invokeExplosively(Ljava/lang/Object;[Ljava/lang/Object;)Ljava/lang/Object;+10
j  org.junit.internal.runners.statements.InvokeMethod.evaluate()V+12
j  org.junit.runners.ParentRunner.runLeaf(Lorg/junit/runners/model/Statement;Lorg/junit/runner/Description;Lorg/junit/runner/notification/RunNotifier;)V+17
j  org.junit.runners.BlockJUnit4ClassRunner.runChild(Lorg/junit/runners/model/FrameworkMethod;Lorg/junit/runner/notification/RunNotifier;)V+30
j  org.junit.runners.BlockJUnit4ClassRunner.runChild(Ljava/lang/Object;Lorg/junit/runner/notification/RunNotifier;)V+6
j  org.junit.runners.ParentRunner$3.run()V+12
j  org.junit.runners.ParentRunner$1.schedule(Ljava/lang/Runnable;)V+1
j  org.junit.runners.ParentRunner.runChildren(Lorg/junit/runner/notification/RunNotifier;)V+44
j  org.junit.runners.ParentRunner.access$000(Lorg/junit/runners/ParentRunner;Lorg/junit/runner/notification/RunNotifier;)V+2
j  org.junit.runners.ParentRunner$2.evaluate()V+8
j  org.junit.runners.ParentRunner.run(Lorg/junit/runner/notification/RunNotifier;)V+20
j  org.junit.runner.JUnitCore.run(Lorg/junit/runner/Runner;)Lorg/junit/runner/Result;+37
j  com.intellij.junit4.JUnit4IdeaTestRunner.startRunnerWithArgs([Ljava/lang/String;Ljava/lang/String;IZ)I+166
j  com.intellij.rt.junit.IdeaTestRunner$Repeater.startRunnerWithArgs(Lcom/intellij/rt/junit/IdeaTestRunner;[Ljava/lang/String;Ljava/util/ArrayList;Ljava/lang/String;IZ)I+22
j  com.intellij.rt.junit.JUnitStarter.prepareStreamsAndStart([Ljava/lang/String;Ljava/lang/String;Ljava/util/ArrayList;Ljava/lang/String;)I+116
j  com.intellij.rt.junit.JUnitStarter.main([Ljava/lang/String;)V+97
v  ~StubRoutines::call_stub
V  [libjvm.dylib+0x2efcba]  JavaCalls::call_helper(JavaValue*, methodHandle*, JavaCallArguments*, Thread*)+0x6ae
V  [libjvm.dylib+0x326c61]  jni_invoke_static(JNIEnv_*, JavaValue*, _jobject*, JNICallType, _jmethodID*, JNI_ArgumentPusher*, Thread*)+0x1bf
V  [libjvm.dylib+0x31f9ed]  jni_CallStaticVoidMethod+0x15d
C  [java+0x38c6]  JavaMain+0x9c4
C  [libsystem_pthread.dylib+0x6950]  _pthread_start+0xe0
C  [libsystem_pthread.dylib+0x247b]  thread_start+0xf
C  0x0000000000000000


---------------  P R O C E S S  ---------------

Java Threads: ( => current thread )
  0x00007fcb7c81d000 JavaThread "Service Thread" daemon [_thread_blocked, id=40455, stack(0x0000000309ae5000,0x0000000309be5000)]
  0x00007fcb7e850000 JavaThread "C1 CompilerThread3" daemon [_thread_blocked, id=41731, stack(0x00000003099e2000,0x0000000309ae2000)]
  0x00007fcb6c008800 JavaThread "C2 CompilerThread2" daemon [_thread_blocked, id=23299, stack(0x00000003098df000,0x00000003099df000)]
  0x00007fcb7c81c000 JavaThread "C2 CompilerThread1" daemon [_thread_blocked, id=42243, stack(0x00000003097dc000,0x00000003098dc000)]
  0x00007fcb7c81b800 JavaThread "C2 CompilerThread0" daemon [_thread_blocked, id=42499, stack(0x00000003096d9000,0x00000003097d9000)]
  0x00007fcb7c814000 JavaThread "Monitor Ctrl-Break" daemon [_thread_in_native, id=42811, stack(0x00000003095d6000,0x00000003096d6000)]
  0x00007fcb7c813000 JavaThread "Signal Dispatcher" daemon [_thread_blocked, id=22019, stack(0x00000003094d3000,0x00000003095d3000)]
  0x00007fcb7c00d800 JavaThread "Finalizer" daemon [_thread_blocked, id=17691, stack(0x00000003092c2000,0x00000003093c2000)]
  0x00007fcb7c00c800 JavaThread "Reference Handler" daemon [_thread_blocked, id=12835, stack(0x00000003091bf000,0x00000003092bf000)]
=>0x00007fcb7d012800 JavaThread "main" [_thread_in_Java, id=5635, stack(0x00000003087a1000,0x00000003088a1000)]

Other Threads:
  0x00007fcb7d024800 VMThread [stack: 0x00000003090bc000,0x00000003091bc000] [id=18435]
  0x00007fcb7e85c800 WatcherThread [stack: 0x0000000309be8000,0x0000000309ce8000] [id=39943]

VM state:not at safepoint (normal execution)

VM Mutex/Monitor currently owned by a thread: None

Heap:
 PSYoungGen      total 76288K, used 14475K [0x000000076ab00000, 0x0000000770000000, 0x00000007c0000000)
  eden space 65536K, 22% used [0x000000076ab00000,0x000000076b922e30,0x000000076eb00000)
  from space 10752K, 0% used [0x000000076f580000,0x000000076f580000,0x0000000770000000)
  to   space 10752K, 0% used [0x000000076eb00000,0x000000076eb00000,0x000000076f580000)
 ParOldGen       total 175104K, used 0K [0x00000006c0000000, 0x00000006cab00000, 0x000000076ab00000)
  object space 175104K, 0% used [0x00000006c0000000,0x00000006c0000000,0x00000006cab00000)
 Metaspace       used 5074K, capacity 5264K, committed 5504K, reserved 1056768K
  class space    used 587K, capacity 627K, committed 640K, reserved 1048576K

Card table byte_map: [0x000000011fa6e000,0x000000012026f000] byte_map_base: 0x000000011c46e000

Marking Bits: (ParMarkBitMap*) 0x000000010f0f9cd0
 Begin Bits: [0x00000001207c5000, 0x00000001247c5000)
 End Bits:   [0x00000001247c5000, 0x00000001287c5000)

Polling page: 0x000000010a5ad000

CodeCache: size=245760Kb used=1893Kb max_used=1905Kb free=243866Kb
 bounds [0x00000001106ae000, 0x000000011091e000, 0x000000011f6ae000]
 total_blobs=584 nmethods=314 adapters=185
 compilation: enabled

Compilation events (10 events):
Event: 0.493 Thread 0x00007fcb7e850000  309       3       java.net.URL::toExternalForm (9 bytes)
Event: 0.493 Thread 0x00007fcb7e850000 nmethod 309 0x0000000110887050 code [0x00000001108871c0, 0x00000001108873e8]
Event: 0.494 Thread 0x00007fcb7e850000  310       3       java.nio.charset.CharsetDecoder::reset (11 bytes)
Event: 0.494 Thread 0x00007fcb7e850000 nmethod 310 0x0000000110887490 code [0x0000000110887600, 0x0000000110887830]
Event: 0.494 Thread 0x00007fcb7e850000  311       3       java.nio.charset.CharsetDecoder::implReset (1 bytes)
Event: 0.494 Thread 0x00007fcb7e850000 nmethod 311 0x00000001108878d0 code [0x0000000110887a20, 0x0000000110887b70]
Event: 0.494 Thread 0x00007fcb7e850000  312       3       java.lang.ref.WeakReference::<init> (7 bytes)
Event: 0.494 Thread 0x00007fcb7e850000 nmethod 312 0x0000000110887bd0 code [0x0000000110887d40, 0x0000000110887ff0]
Event: 0.495 Thread 0x00007fcb7c81c000  313       4       java.io.UnixFileSystem::normalize (75 bytes)
Event: 0.496 Thread 0x00007fcb6c008800  314       4       java.lang.CharacterData::of (120 bytes)

GC Heap History (0 events):
No events

Deoptimization events (0 events):
No events

Classes redefined (0 events):
No events

Internal exceptions (7 events):
Event: 0.039 Thread 0x00007fcb7d012800 Exception <a 'java/lang/NoSuchMethodError': Method sun.misc.Unsafe.defineClass(Ljava/lang/String;[BII)Ljava/lang/Class; name or signature does not match> (0x000000076ab07cb0) thrown at [/Users/java_re/workspace/8-2-build-macosx-x86_64/jdk8u181/11358/hotsp
Event: 0.039 Thread 0x00007fcb7d012800 Exception <a 'java/lang/NoSuchMethodError': Method sun.misc.Unsafe.prefetchRead(Ljava/lang/Object;J)V name or signature does not match> (0x000000076ab07f98) thrown at [/Users/java_re/workspace/8-2-build-macosx-x86_64/jdk8u181/11358/hotspot/src/share/vm/pr
Event: 0.281 Thread 0x00007fcb7d012800 Exception <a 'java/io/FileNotFoundException'> (0x000000076b0d0438) thrown at [/Users/java_re/workspace/8-2-build-macosx-x86_64/jdk8u181/11358/hotspot/src/share/vm/prims/jni.cpp, line 709]
Event: 0.304 Thread 0x00007fcb7d012800 Exception <a 'java/security/PrivilegedActionException'> (0x000000076b177c78) thrown at [/Users/java_re/workspace/8-2-build-macosx-x86_64/jdk8u181/11358/hotspot/src/share/vm/prims/jvm.cpp, line 1435]
Event: 0.304 Thread 0x00007fcb7d012800 Exception <a 'java/security/PrivilegedActionException'> (0x000000076b178070) thrown at [/Users/java_re/workspace/8-2-build-macosx-x86_64/jdk8u181/11358/hotspot/src/share/vm/prims/jvm.cpp, line 1435]
Event: 0.304 Thread 0x00007fcb7d012800 Exception <a 'java/security/PrivilegedActionException'> (0x000000076b17b770) thrown at [/Users/java_re/workspace/8-2-build-macosx-x86_64/jdk8u181/11358/hotspot/src/share/vm/prims/jvm.cpp, line 1435]
Event: 0.305 Thread 0x00007fcb7d012800 Exception <a 'java/security/PrivilegedActionException'> (0x000000076b17bb68) thrown at [/Users/java_re/workspace/8-2-build-macosx-x86_64/jdk8u181/11358/hotspot/src/share/vm/prims/jvm.cpp, line 1435]

Events (10 events):
Event: 0.495 loading class org/junit/internal/runners/model/ReflectiveCallable
Event: 0.495 loading class org/junit/internal/runners/model/ReflectiveCallable done
Event: 0.495 Thread 0x00007fcb7d012800 DEOPT PACKING pc=0x00000001107beb45 sp=0x000000030889c160
Event: 0.495 Thread 0x00007fcb7d012800 DEOPT UNPACKING pc=0x00000001106f5384 sp=0x000000030889bed0 mode 0
Event: 0.495 loading class org/junit/rules/MethodRule
Event: 0.495 loading class org/junit/rules/MethodRule done
Event: 0.495 loading class org/junit/runner/notification/RunNotifier$3
Event: 0.495 loading class org/junit/runner/notification/RunNotifier$3 done
Event: 0.496 loading class org/junit/runners/model/FrameworkMethod$1
Event: 0.496 loading class org/junit/runners/model/FrameworkMethod$1 done


Dynamic libraries:
0x00007ffdffbac000 	/Library/Apple/usr/libexec/oah/runtime
0x00007fff35273000 	/System/Library/Frameworks/Cocoa.framework/Versions/A/Cocoa
0x00007fff22118000 	/System/Library/Frameworks/Security.framework/Versions/A/Security
0x00007fff33470000 	/System/Library/Frameworks/ApplicationServices.framework/Versions/A/ApplicationServices
0x00007fff2a5c1000 	/usr/lib/libz.1.dylib
0x00007fff2a68d000 	/usr/lib/libSystem.B.dylib
0x00007fff201c8000 	/usr/lib/libobjc.A.dylib
0x00007fff203a9000 	/System/Library/Frameworks/CoreFoundation.framework/Versions/A/CoreFoundation
0x00007fff2108b000 	/System/Library/Frameworks/Foundation.framework/Versions/C/Foundation
0x00007fff22b3f000 	/System/Library/Frameworks/AppKit.framework/Versions/C/AppKit
0x00007fff259fd000 	/System/Library/Frameworks/CoreData.framework/Versions/A/CoreData
0x00007fff238a2000 	/System/Library/PrivateFrameworks/UIFoundation.framework/Versions/A/UIFoundation
0x00007fff2fe4f000 	/System/Library/PrivateFrameworks/RemoteViewServices.framework/Versions/A/RemoteViewServices
0x00007fff28bd9000 	/System/Library/PrivateFrameworks/XCTTargetBootstrap.framework/Versions/A/XCTTargetBootstrap
0x00007fff2b92b000 	/usr/lib/libspindump.dylib
0x00007fff23af7000 	/System/Library/Frameworks/UniformTypeIdentifiers.framework/Versions/A/UniformTypeIdentifiers
0x00007fff273af000 	/usr/lib/libapp_launch_measurement.dylib
0x00007fff273b2000 	/System/Library/PrivateFrameworks/CoreAutoLayout.framework/Versions/A/CoreAutoLayout
0x00007fff2853b000 	/System/Library/Frameworks/Metal.framework/Versions/A/Metal
0x00007fff29232000 	/usr/lib/liblangid.dylib
0x00007fff28bdd000 	/System/Library/PrivateFrameworks/CoreSVG.framework/Versions/A/CoreSVG
0x00007fff24ade000 	/System/Library/PrivateFrameworks/SkyLight.framework/Versions/A/SkyLight
0x00007fff24e45000 	/System/Library/Frameworks/CoreGraphics.framework/Versions/A/CoreGraphics
0x00007fff304a6000 	/System/Library/Frameworks/Accelerate.framework/Versions/A/Accelerate
0x00007fff2b366000 	/System/Library/PrivateFrameworks/IconServices.framework/Versions/A/IconServices
0x00007fff28520000 	/System/Library/Frameworks/IOSurface.framework/Versions/A/IOSurface
0x00007fff2638f000 	/usr/lib/libDiagnosticMessagesClient.dylib
0x00007fff28bc5000 	/System/Library/PrivateFrameworks/DFRFoundation.framework/Versions/A/DFRFoundation
0x00007fff2246a000 	/usr/lib/libicucore.A.dylib
0x00007fff2ce70000 	/System/Library/Frameworks/AudioToolbox.framework/Versions/A/AudioToolbox
0x00007fff2c115000 	/System/Library/PrivateFrameworks/DataDetectorsCore.framework/Versions/A/DataDetectorsCore
0x00007fff288c5000 	/System/Library/Frameworks/Carbon.framework/Versions/A/Frameworks/HIToolbox.framework/Versions/A/HIToolbox
0x00007fff26e0a000 	/System/Library/Frameworks/QuartzCore.framework/Versions/A/QuartzCore
0x00007fff2fe8b000 	/System/Library/Frameworks/Carbon.framework/Versions/A/Frameworks/SpeechRecognition.framework/Versions/A/SpeechRecognition
0x00007fff27117000 	/System/Library/PrivateFrameworks/CoreUI.framework/Versions/A/CoreUI
0x00007fff21a73000 	/System/Library/Frameworks/CoreAudio.framework/Versions/A/CoreAudio
0x00007fff2647a000 	/System/Library/Frameworks/DiskArbitration.framework/Versions/A/DiskArbitration
0x00007fff2bd25000 	/System/Library/PrivateFrameworks/MultitouchSupport.framework/Versions/A/MultitouchSupport
0x00007fff2c10c000 	/System/Library/PrivateFrameworks/InternationalSupport.framework/Versions/A/InternationalSupport
0x00007fff24a52000 	/usr/lib/libenergytrace.dylib
0x00007fff22a38000 	/System/Library/Frameworks/IOKit.framework/Versions/A/IOKit
0x00007fff301d8000 	/System/Library/Frameworks/CoreServices.framework/Versions/A/CoreServices
0x00007fff27345000 	/System/Library/PrivateFrameworks/PerformanceAnalysis.framework/Versions/A/PerformanceAnalysis
0x00007fff6cb4d000 	/System/Library/Frameworks/OpenGL.framework/Versions/A/OpenGL
0x00007fff2c191000 	/System/Library/PrivateFrameworks/UserActivity.framework/Versions/A/UserActivity
0x00007fff254ff000 	/System/Library/Frameworks/ColorSync.framework/Versions/A/ColorSync
0x00007fff28e49000 	/System/Library/Frameworks/CoreImage.framework/Versions/A/CoreImage
0x00007fff2188a000 	/System/Library/Frameworks/CoreText.framework/Versions/A/CoreText
0x00007fff28c07000 	/System/Library/Frameworks/ImageIO.framework/Versions/A/ImageIO
0x00007fff2a693000 	/System/Library/PrivateFrameworks/SoftLinking.framework/Versions/A/SoftLinking
0x00007fff273fb000 	/usr/lib/libxml2.2.dylib
0x00007fff2028e000 	/usr/lib/libc++.1.dylib
0x00007fff2a905000 	/usr/lib/libcompression.dylib
0x00007fff24a53000 	/usr/lib/libMobileGestalt.dylib
0x00007fff2c03f000 	/System/Library/PrivateFrameworks/TextureIO.framework/Versions/A/TextureIO
0x00007fff2aff3000 	/usr/lib/libate.dylib
0x00007fff2a687000 	/usr/lib/system/libcache.dylib
0x00007fff2a643000 	/usr/lib/system/libcommonCrypto.dylib
0x00007fff2a66d000 	/usr/lib/system/libcompiler_rt.dylib
0x00007fff2a662000 	/usr/lib/system/libcopyfile.dylib
0x00007fff200b6000 	/usr/lib/system/libcorecrypto.dylib
0x00007fff20183000 	/usr/lib/system/libdispatch.dylib
0x00007fff20338000 	/usr/lib/system/libdyld.dylib
0x00007fff2a67e000 	/usr/lib/system/libkeymgr.dylib
0x00007fff2dc22000 	/usr/lib/system/liblaunch.dylib
0x00007fff2a621000 	/usr/lib/system/libmacho.dylib
0x00007fff29e36000 	/usr/lib/system/libquarantine.dylib
0x00007fff2a67b000 	/usr/lib/system/libremovefile.dylib
0x00007fff24aaf000 	/usr/lib/system/libsystem_asl.dylib
0x00007fff20066000 	/usr/lib/system/libsystem_blocks.dylib
0x00007fff20205000 	/usr/lib/system/libsystem_c.dylib
0x00007fff2a675000 	/usr/lib/system/libsystem_collections.dylib
0x00007fff29223000 	/usr/lib/system/libsystem_configuration.dylib
0x00007fff2850f000 	/usr/lib/system/libsystem_containermanager.dylib
0x00007fff2a3b9000 	/usr/lib/system/libsystem_coreservices.dylib
0x00007fff226cc000 	/usr/lib/system/libsystem_darwin.dylib
0x00007fff2a67f000 	/usr/lib/system/libsystem_dnssd.dylib
0x00007fff20202000 	/usr/lib/system/libsystem_featureflags.dylib
0x00007fff2037d000 	/usr/lib/system/libsystem_info.dylib
0x00007fff2a5d4000 	/usr/lib/system/libsystem_m.dylib
0x00007fff20156000 	/usr/lib/system/libsystem_malloc.dylib
0x00007fff24a43000 	/usr/lib/system/libsystem_networkextension.dylib
0x00007fff22ae7000 	/usr/lib/system/libsystem_notify.dylib
0x00007fff300d6000 	/usr/lib/system/libsystem_product_info_filter.dylib
0x00007fff29227000 	/usr/lib/system/libsystem_sandbox.dylib
0x00007fff2a678000 	/usr/lib/system/libsystem_secinit.dylib
0x00007fff202fd000 	/usr/lib/system/libsystem_kernel.dylib
0x00007fff20373000 	/usr/lib/system/libsystem_platform.dylib
0x00007fff2032c000 	/usr/lib/system/libsystem_pthread.dylib
0x00007fff261dd000 	/usr/lib/system/libsystem_symptoms.dylib
0x00007fff2009e000 	/usr/lib/system/libsystem_trace.dylib
0x00007fff2a64f000 	/usr/lib/system/libunwind.dylib
0x00007fff20068000 	/usr/lib/system/libxpc.dylib
0x00007fff202e4000 	/usr/lib/libc++abi.dylib
0x00007fff2a65a000 	/usr/lib/liboah.dylib
0x00007fff2ad1e000 	/usr/lib/liblzma.5.dylib
0x00007fff20d9f000 	/System/Library/Frameworks/SystemConfiguration.framework/Versions/A/SystemConfiguration
0x00007fff2a68f000 	/usr/lib/libfakelink.dylib
0x00007fff245a5000 	/System/Library/Frameworks/CFNetwork.framework/Versions/A/CFNetwork
0x00007fff2a7cf000 	/usr/lib/libarchive.2.dylib
0x00007fff20e1d000 	/usr/lib/libCRFSuite.dylib
0x00007fff29e5d000 	/usr/lib/libbsm.0.dylib
0x00007fff23f61000 	/usr/lib/libnetwork.dylib
0x00007fff2a694000 	/usr/lib/libpcap.A.dylib
0x00007fff261d6000 	/usr/lib/libdns_services.dylib
0x00007fff2ad37000 	/usr/lib/libcoretls_cfhelpers.dylib
0x00007fff2a8d3000 	/usr/lib/libapple_nghttp2.dylib
0x00007fff2a627000 	/usr/lib/system/libkxld.dylib
0x00007fff25e44000 	/usr/lib/libsqlite3.dylib
0x00007fff2a39b000 	/System/Library/PrivateFrameworks/AppleFSCompression.framework/Versions/A/AppleFSCompression
0x00007fff29e45000 	/usr/lib/libcoretls.dylib
0x00007fff2a900000 	/usr/lib/libpam.2.dylib
0x00007fff2ae34000 	/usr/lib/libxar.1.dylib
0x00007fff2922e000 	/System/Library/PrivateFrameworks/AppleSystemInfo.framework/Versions/A/AppleSystemInfo
0x00007fff29a88000 	/System/Library/PrivateFrameworks/IOMobileFramebuffer.framework/Versions/A/IOMobileFramebuffer
0x00007fff2a3ab000 	/usr/lib/libbz2.1.0.dylib
0x00007fff2a6cc000 	/usr/lib/libiconv.2.dylib
0x00007fff2a620000 	/usr/lib/libcharset.1.dylib
0x00007fff27381000 	/System/Library/Frameworks/CoreServices.framework/Versions/A/Frameworks/FSEvents.framework/Versions/A/FSEvents
0x00007fff226d6000 	/System/Library/Frameworks/CoreServices.framework/Versions/A/Frameworks/CarbonCore.framework/Versions/A/CarbonCore
0x00007fff263df000 	/System/Library/Frameworks/CoreServices.framework/Versions/A/Frameworks/Metadata.framework/Versions/A/Metadata
0x00007fff2a3be000 	/System/Library/Frameworks/CoreServices.framework/Versions/A/Frameworks/OSServices.framework/Versions/A/OSServices
0x00007fff2a841000 	/System/Library/Frameworks/CoreServices.framework/Versions/A/Frameworks/SearchKit.framework/Versions/A/SearchKit
0x00007fff26160000 	/System/Library/Frameworks/CoreServices.framework/Versions/A/Frameworks/AE.framework/Versions/A/AE
0x00007fff20845000 	/System/Library/Frameworks/CoreServices.framework/Versions/A/Frameworks/LaunchServices.framework/Versions/A/LaunchServices
0x00007fff2accf000 	/System/Library/Frameworks/CoreServices.framework/Versions/A/Frameworks/DictionaryServices.framework/Versions/A/DictionaryServices
0x00007fff2738a000 	/System/Library/Frameworks/CoreServices.framework/Versions/A/Frameworks/SharedFileList.framework/Versions/A/SharedFileList
0x00007fff29e39000 	/usr/lib/libCheckFix.dylib
0x00007fff24ac6000 	/System/Library/PrivateFrameworks/TCC.framework/Versions/A/TCC
0x00007fff29234000 	/System/Library/PrivateFrameworks/CoreNLP.framework/Versions/A/CoreNLP
0x00007fff26392000 	/System/Library/PrivateFrameworks/MetadataUtilities.framework/Versions/A/MetadataUtilities
0x00007fff20e53000 	/usr/lib/libmecabra.dylib
0x00007fff2a14d000 	/System/Library/Frameworks/MLCompute.framework/Versions/A/MLCompute
0x00007fff29e6e000 	/usr/lib/libmecab.dylib
0x00007fff29eb8000 	/usr/lib/libgermantok.dylib
0x00007fff2a8a9000 	/usr/lib/libThaiTokenizer.dylib
0x00007fff2ae6f000 	/usr/lib/libChineseTokenizer.dylib
0x00007fff2a8fe000 	/System/Library/Frameworks/MetalPerformanceShaders.framework/Versions/A/MetalPerformanceShaders
0x00007fff26481000 	/System/Library/Frameworks/Accelerate.framework/Versions/A/Frameworks/vImage.framework/Versions/A/vImage
0x00007fff301b1000 	/System/Library/Frameworks/Accelerate.framework/Versions/A/Frameworks/vecLib.framework/Versions/A/vecLib
0x00007fff2ae7a000 	/System/Library/Frameworks/Accelerate.framework/Versions/A/Frameworks/vecLib.framework/Versions/A/libvMisc.dylib
0x00007fff298e4000 	/System/Library/Frameworks/Accelerate.framework/Versions/A/Frameworks/vecLib.framework/Versions/A/libvDSP.dylib
0x00007fff20b49000 	/System/Library/Frameworks/Accelerate.framework/Versions/A/Frameworks/vecLib.framework/Versions/A/libBLAS.dylib
0x00007fff2a924000 	/System/Library/Frameworks/Accelerate.framework/Versions/A/Frameworks/vecLib.framework/Versions/A/libLAPACK.dylib
0x00007fff29ebe000 	/System/Library/Frameworks/Accelerate.framework/Versions/A/Frameworks/vecLib.framework/Versions/A/libLinearAlgebra.dylib
0x00007fff2a8eb000 	/System/Library/Frameworks/Accelerate.framework/Versions/A/Frameworks/vecLib.framework/Versions/A/libSparseBLAS.dylib
0x00007fff2a91e000 	/System/Library/Frameworks/Accelerate.framework/Versions/A/Frameworks/vecLib.framework/Versions/A/libQuadrature.dylib
0x00007fff292dc000 	/System/Library/Frameworks/Accelerate.framework/Versions/A/Frameworks/vecLib.framework/Versions/A/libBNNS.dylib
0x00007fff20d30000 	/System/Library/Frameworks/Accelerate.framework/Versions/A/Frameworks/vecLib.framework/Versions/A/libSparse.dylib
0x00007fff291c7000 	/System/Library/Frameworks/MetalPerformanceShaders.framework/Versions/A/Frameworks/MPSCore.framework/Versions/A/MPSCore
0x00007fff2a30a000 	/System/Library/Frameworks/MetalPerformanceShaders.framework/Versions/A/Frameworks/MPSImage.framework/Versions/A/MPSImage
0x00007fff29ed5000 	/System/Library/Frameworks/MetalPerformanceShaders.framework/Versions/A/Frameworks/MPSNeuralNetwork.framework/Versions/A/MPSNeuralNetwork
0x00007fff2a295000 	/System/Library/Frameworks/MetalPerformanceShaders.framework/Versions/A/Frameworks/MPSMatrix.framework/Versions/A/MPSMatrix
0x00007fff2a0fd000 	/System/Library/Frameworks/MetalPerformanceShaders.framework/Versions/A/Frameworks/MPSRayIntersector.framework/Versions/A/MPSRayIntersector
0x00007fff2a2cc000 	/System/Library/Frameworks/MetalPerformanceShaders.framework/Versions/A/Frameworks/MPSNDArray.framework/Versions/A/MPSNDArray
0x00007fff20a75000 	/System/Library/PrivateFrameworks/MetalTools.framework/Versions/A/MetalTools
0x00007fff2922c000 	/System/Library/PrivateFrameworks/AggregateDictionary.framework/Versions/A/AggregateDictionary
0x00007fff2636a000 	/System/Library/PrivateFrameworks/CoreAnalytics.framework/Versions/A/CoreAnalytics
0x00007fff2a8ab000 	/System/Library/PrivateFrameworks/AppleSauce.framework/Versions/A/AppleSauce
0x00007fff28532000 	/System/Library/PrivateFrameworks/IOAccelerator.framework/Versions/A/IOAccelerator
0x00007fff6cb41000 	/System/Library/Frameworks/OpenGL.framework/Versions/A/Libraries/libCoreFSCache.dylib
0x00007fff213ef000 	/System/Library/PrivateFrameworks/LanguageModeling.framework/Versions/A/LanguageModeling
0x00007fff29a75000 	/System/Library/PrivateFrameworks/CoreEmoji.framework/Versions/A/CoreEmoji
0x00007fff292d5000 	/System/Library/PrivateFrameworks/LinguisticData.framework/Versions/A/LinguisticData
0x00007fff20ce2000 	/System/Library/PrivateFrameworks/Lexicon.framework/Versions/A/Lexicon
0x00007fff2a7bd000 	/usr/lib/libcmph.dylib
0x00007fff27361000 	/System/Library/Frameworks/OpenDirectory.framework/Versions/A/Frameworks/CFOpenDirectory.framework/Versions/A/CFOpenDirectory
0x00007fff27351000 	/System/Library/Frameworks/OpenDirectory.framework/Versions/A/OpenDirectory
0x00007fff2ad39000 	/System/Library/PrivateFrameworks/APFS.framework/Versions/A/APFS
0x00007fff29d9a000 	/System/Library/Frameworks/SecurityFoundation.framework/Versions/A/SecurityFoundation
0x00007fff2ae42000 	/usr/lib/libutil.dylib
0x00007fff229fd000 	/System/Library/PrivateFrameworks/CoreServicesStore.framework/Versions/A/CoreServicesStore
0x00007fff29e31000 	/System/Library/Frameworks/ServiceManagement.framework/Versions/A/ServiceManagement
0x00007fff2ae46000 	/usr/lib/libxslt.1.dylib
0x00007fff29e27000 	/System/Library/PrivateFrameworks/BackgroundTaskManagement.framework/Versions/A/BackgroundTaskManagement
0x00007fff2bf8a000 	/System/Library/Frameworks/ImageIO.framework/Versions/A/Resources/libRadiance.dylib
0x00007fff2bf93000 	/System/Library/Frameworks/ImageIO.framework/Versions/A/Resources/libJPEG.dylib
0x00007fff2bedf000 	/System/Library/Frameworks/ImageIO.framework/Versions/A/Resources/libPng.dylib
0x00007fff2bf06000 	/System/Library/Frameworks/ImageIO.framework/Versions/A/Resources/libTIFF.dylib
0x00007fff2bfe8000 	/System/Library/Frameworks/ImageIO.framework/Versions/A/Resources/libGIF.dylib
0x00007fff2bc43000 	/System/Library/Frameworks/ImageIO.framework/Versions/A/Resources/libJP2.dylib
0x00007fff2b32d000 	/usr/lib/libexpat.1.dylib
0x00007fff2bbf8000 	/System/Library/PrivateFrameworks/AppleJPEG.framework/Versions/A/AppleJPEG
0x00007fff28768000 	/System/Library/PrivateFrameworks/FontServices.framework/libFontParser.dylib
0x00007fff26114000 	/System/Library/PrivateFrameworks/RunningBoardServices.framework/Versions/A/RunningBoardServices
0x00007fff2bd21000 	/System/Library/PrivateFrameworks/WatchdogClient.framework/Versions/A/WatchdogClient
0x00007fff214dc000 	/System/Library/Frameworks/CoreDisplay.framework/Versions/A/CoreDisplay
0x00007fff2867e000 	/System/Library/Frameworks/CoreMedia.framework/Versions/A/CoreMedia
0x00007fff274de000 	/System/Library/Frameworks/CoreVideo.framework/Versions/A/CoreVideo
0x00007fff2bd59000 	/System/Library/Frameworks/VideoToolbox.framework/Versions/A/VideoToolbox
0x00007fff26092000 	/System/Library/PrivateFrameworks/BaseBoard.framework/Versions/A/BaseBoard
0x00007fff2b472000 	/System/Library/PrivateFrameworks/PersistentConnection.framework/Versions/A/PersistentConnection
0x00007fff25e2d000 	/System/Library/PrivateFrameworks/ProtocolBuffer.framework/Versions/A/ProtocolBuffer
0x00007fff26079000 	/System/Library/PrivateFrameworks/CommonUtilities.framework/Versions/A/CommonUtilities
0x00007fff2bb8d000 	/System/Library/PrivateFrameworks/Bom.framework/Versions/A/Bom
0x00007fff2bf83000 	/System/Library/PrivateFrameworks/GPUWrangler.framework/Versions/A/GPUWrangler
0x00007fff2bf66000 	/System/Library/PrivateFrameworks/IOPresentment.framework/Versions/A/IOPresentment
0x00007fff2bf8d000 	/System/Library/PrivateFrameworks/DSExternalDisplay.framework/Versions/A/DSExternalDisplay
0x00007fff2bfed000 	/System/Library/PrivateFrameworks/CMCaptureCore.framework/Versions/A/CMCaptureCore
0x00007fff2b912000 	/System/Library/PrivateFrameworks/AppServerSupport.framework/Versions/A/AppServerSupport
0x00007fff2d9c1000 	/System/Library/PrivateFrameworks/perfdata.framework/Versions/A/perfdata
0x00007fff29d89000 	/System/Library/PrivateFrameworks/AssertionServices.framework/Versions/A/AssertionServices
0x00007fff21613000 	/System/Library/PrivateFrameworks/AudioToolboxCore.framework/Versions/A/AudioToolboxCore
0x00007fff28661000 	/System/Library/PrivateFrameworks/caulk.framework/Versions/A/caulk
0x00007fff3d66c000 	/System/Library/PrivateFrameworks/SystemPolicy.framework/Versions/A/SystemPolicy
0x00007fff2b122000 	/usr/lib/libIOReport.dylib
0x00007fff2d1e3000 	/usr/lib/libSMC.dylib
0x00007fff2beac000 	/usr/lib/libAudioToolboxUtility.dylib
0x00007fff3dfd6000 	/usr/lib/libmis.dylib
0x00007fff6cb9d000 	/System/Library/Frameworks/OpenGL.framework/Versions/A/Libraries/libGLU.dylib
0x00007fff6cb60000 	/System/Library/Frameworks/OpenGL.framework/Versions/A/Libraries/libGFXShared.dylib
0x00007fff6cd6f000 	/System/Library/Frameworks/OpenGL.framework/Versions/A/Libraries/libGL.dylib
0x00007fff6cb69000 	/System/Library/Frameworks/OpenGL.framework/Versions/A/Libraries/libGLImage.dylib
0x00007fff6cb5d000 	/System/Library/Frameworks/OpenGL.framework/Versions/A/Libraries/libCVMSPluginSupport.dylib
0x00007fff6cb48000 	/System/Library/Frameworks/OpenGL.framework/Versions/A/Libraries/libCoreVMClient.dylib
0x00007fff6e1b0000 	/System/Library/Frameworks/OpenCL.framework/Versions/A/OpenCL
0x00007fff2b49c000 	/System/Library/PrivateFrameworks/GraphVisualizer.framework/Versions/A/GraphVisualizer
0x00007fff2b4ab000 	/System/Library/PrivateFrameworks/FaceCore.framework/Versions/A/FaceCore
0x00007fff2b8c7000 	/System/Library/PrivateFrameworks/OTSVG.framework/Versions/A/OTSVG
0x00007fff270d5000 	/System/Library/Frameworks/ApplicationServices.framework/Versions/A/Frameworks/ATS.framework/Versions/A/Resources/libFontRegistry.dylib
0x00007fff2b919000 	/System/Library/PrivateFrameworks/FontServices.framework/libhvf.dylib
0x00007fff2b2d9000 	/System/Library/PrivateFrameworks/AppleVA.framework/Versions/A/AppleVA
0x00007fff2d02c000 	/System/Library/Frameworks/ApplicationServices.framework/Versions/A/Frameworks/ATS.framework/Versions/A/ATS
0x00007fff2d33e000 	/System/Library/Frameworks/ApplicationServices.framework/Versions/A/Frameworks/ColorSyncLegacy.framework/Versions/A/ColorSyncLegacy
0x00007fff255f6000 	/System/Library/Frameworks/ApplicationServices.framework/Versions/A/Frameworks/HIServices.framework/Versions/A/HIServices
0x00007fff2d323000 	/System/Library/Frameworks/ApplicationServices.framework/Versions/A/Frameworks/LangAnalysis.framework/Versions/A/LangAnalysis
0x00007fff2bff7000 	/System/Library/Frameworks/ApplicationServices.framework/Versions/A/Frameworks/PrintCore.framework/Versions/A/PrintCore
0x00007fff2d346000 	/System/Library/Frameworks/ApplicationServices.framework/Versions/A/Frameworks/QD.framework/Versions/A/QD
0x00007fff2d01c000 	/System/Library/Frameworks/ApplicationServices.framework/Versions/A/Frameworks/SpeechSynthesis.framework/Versions/A/SpeechSynthesis
0x00007fff2bfb8000 	/System/Library/Frameworks/ApplicationServices.framework/Versions/A/Frameworks/ATSUI.framework/Versions/A/ATSUI
0x00007fff2d2c3000 	/usr/lib/libcups.2.dylib
0x00007fff2d333000 	/System/Library/PrivateFrameworks/NetAuth.framework/Versions/A/NetAuth
0x00007fff2d9dd000 	/System/Library/Frameworks/Kerberos.framework/Versions/A/Kerberos
0x00007fff2d9ed000 	/System/Library/Frameworks/GSS.framework/Versions/A/GSS
0x00007fff2d098000 	/usr/lib/libresolv.9.dylib
0x00007fff2b92e000 	/System/Library/PrivateFrameworks/Heimdal.framework/Versions/A/Heimdal
0x00007fff33771000 	/System/Library/Frameworks/Kerberos.framework/Versions/A/Libraries/libHeimdalProxy.dylib
0x00007fff261e5000 	/System/Library/Frameworks/Network.framework/Versions/A/Network
0x00007fff2b347000 	/usr/lib/libheimdal-asn1.dylib
0x00007fff2da3d000 	/System/Library/PrivateFrameworks/CommonAuth.framework/Versions/A/CommonAuth
0x00007fff2752b000 	/System/Library/PrivateFrameworks/login.framework/Versions/A/Frameworks/loginsupport.framework/Versions/A/loginsupport
0x00007fff2cfa1000 	/System/Library/PrivateFrameworks/AudioSession.framework/Versions/A/AudioSession
0x00007fff2d009000 	/usr/lib/libAudioStatistics.dylib
0x00007fff2b3d4000 	/System/Library/PrivateFrameworks/MediaExperience.framework/Versions/A/MediaExperience
0x00007fff2ce3e000 	/System/Library/PrivateFrameworks/AudioSession.framework/libSessionUtility.dylib
0x00007fff2d9ce000 	/usr/lib/libperfcheck.dylib
0x00007fff2d352000 	/System/Library/PrivateFrameworks/AudioResourceArbitration.framework/Versions/A/AudioResourceArbitration
0x00007fff2b351000 	/System/Library/PrivateFrameworks/IconFoundation.framework/Versions/A/IconFoundation
0x00007fff2fe7b000 	/System/Library/PrivateFrameworks/SpeechRecognitionCore.framework/Versions/A/SpeechRecognitionCore
0x00007fff5df9b000 	/System/Library/CoreServices/Encodings/libSimplifiedChineseConverter.dylib
0x000000010e800000 	/Library/Java/JavaVirtualMachines/jdk1.8.0_181.jdk/Contents/Home/jre/lib/server/libjvm.dylib
0x00007fff78a89000 	/usr/lib/libstdc++.6.dylib
0x000000010a517000 	/Library/Java/JavaVirtualMachines/jdk1.8.0_181.jdk/Contents/Home/jre/lib/libverify.dylib
0x000000010a537000 	/Library/Java/JavaVirtualMachines/jdk1.8.0_181.jdk/Contents/Home/jre/lib/libjava.dylib
0x000000010a5ae000 	/Library/Java/JavaVirtualMachines/jdk1.8.0_181.jdk/Contents/Home/jre/lib/libinstrument.dylib
0x000000010a653000 	/Library/Java/JavaVirtualMachines/jdk1.8.0_181.jdk/Contents/Home/jre/lib/libzip.dylib
0x000000012b5bf000 	/Library/Java/JavaVirtualMachines/jdk1.8.0_181.jdk/Contents/Home/jre/lib/libnet.dylib

VM Arguments:
jvm_args: -ea -Didea.test.cyclic.buffer.size=1048576 -javaagent:/Applications/IntelliJ IDEA.app/Contents/lib/idea_rt.jar=61410:/Applications/IntelliJ IDEA.app/Contents/bin -Dfile.encoding=UTF-8 
java_command: com.intellij.rt.junit.JUnitStarter -ideVersion5 -junit4 interview.math.PowerOfFour,isPowerOfFour
java_class_path (initial): /Applications/IntelliJ IDEA.app/Contents/lib/idea_rt.jar:/Applications/IntelliJ IDEA.app/Contents/plugins/junit/lib/junit5-rt.jar:/Applications/IntelliJ IDEA.app/Contents/plugins/junit/lib/junit-rt.jar:/Library/Java/JavaVirtualMachines/jdk1.8.0_181.jdk/Contents/Home/jre/lib/charsets.jar:/Library/Java/JavaVirtualMachines/jdk1.8.0_181.jdk/Contents/Home/jre/lib/deploy.jar:/Library/Java/JavaVirtualMachines/jdk1.8.0_181.jdk/Contents/Home/jre/lib/ext/cldrdata.jar:/Library/Java/JavaVirtualMachines/jdk1.8.0_181.jdk/Contents/Home/jre/lib/ext/dnsns.jar:/Library/Java/JavaVirtualMachines/jdk1.8.0_181.jdk/Contents/Home/jre/lib/ext/jaccess.jar:/Library/Java/JavaVirtualMachines/jdk1.8.0_181.jdk/Contents/Home/jre/lib/ext/jfxrt.jar:/Library/Java/JavaVirtualMachines/jdk1.8.0_181.jdk/Contents/Home/jre/lib/ext/localedata.jar:/Library/Java/JavaVirtualMachines/jdk1.8.0_181.jdk/Contents/Home/jre/lib/ext/nashorn.jar:/Library/Java/JavaVirtualMachines/jdk1.8.0_181.jdk/Contents/Home/jre/lib/ext/sunec.jar:/Library/Java/JavaVirtualMachines/jdk1.8.0_181.jdk/Contents/Home/jre/lib/ext/sunjce_provider.jar:/Library/Java/JavaVirtualMachines/jdk1.8.0_181.jdk/Contents/Home/jre/lib/ext/sunpkcs11.jar:/Library/Java/JavaVirtualMachines/jdk1.8.0_181.jdk/Contents/Home/jre/lib/ext/zipfs.jar:/Library/Java/JavaVirtualMachines/jdk1.8.0_181.jdk/Contents/Home/jre/lib/javaws.jar:/Library/Java/JavaVirtualMachines/jdk1.8.0_181.jdk/Contents/Home/jre/lib/jce.jar:/Library/Java/JavaVirtualMachines/jdk1.8.0_181.jdk/Contents/Home/jre/lib/jfr.jar:/Library/Java/JavaVirtualMachines/jdk1.8.0_181.jdk/Contents/Home/jre/lib/jfxswt.jar:/Library/Java/JavaVirtualMachines/jdk1.8.0_181.jdk/Contents/Home/jre/lib/jsse.jar:/Library/Java/JavaVirtualMachines/jdk1.8.0_181.jdk/Contents/Home/jre/lib/management-agent.jar:/Library/Java/JavaVirtualMachines/jdk1.8.0_181.jdk/Contents/Home/jre/lib/plugin.jar:/Library/Java/JavaVirtualMachines/jdk1.8.0_181.jdk/Contents/Home/jre/lib/resources.jar:/Library/Java/JavaVirtualM
Launcher Type: SUN_STANDARD

Environment Variables:
JAVA_HOME=/Library/Java/JavaVirtualMachines/jdk1.8.0_181.jdk/Contents/Home
PATH=/Library/Java/JavaVirtualMachines/jdk1.8.0_181.jdk/Contents/Home/bin:/opt/homebrew/bin:/opt/homebrew/sbin:/usr/local/bin:/usr/bin:/bin:/usr/sbin:/sbin:/Users/guojingfeng/Software/apache-maven-3.6.3/bin
SHELL=/bin/zsh

Signal Handlers:
SIGSEGV: [libjvm.dylib+0x5b6029], sa_mask[0]=11111111111111111111111111111111, sa_flags=SA_ONSTACK|SA_RESTART|SA_SIGINFO
SIGBUS: [libjvm.dylib+0x5b6029], sa_mask[0]=11111111111111111111111111111111, sa_flags=SA_RESTART|SA_SIGINFO
SIGFPE: [libjvm.dylib+0x48b934], sa_mask[0]=11111111111111111111111111111111, sa_flags=SA_RESTART|SA_SIGINFO
SIGPIPE: [libjvm.dylib+0x48b934], sa_mask[0]=11111111111111111111111111111111, sa_flags=SA_RESTART|SA_SIGINFO
SIGXFSZ: [libjvm.dylib+0x48b934], sa_mask[0]=11111111111111111111111111111111, sa_flags=SA_RESTART|SA_SIGINFO
SIGILL: [libjvm.dylib+0x48b934], sa_mask[0]=11111111111111111111111111111111, sa_flags=SA_RESTART|SA_SIGINFO
SIGUSR1: SIG_DFL, sa_mask[0]=00000000000000000000000000000000, sa_flags=none
SIGUSR2: [libjvm.dylib+0x48b452], sa_mask[0]=00100000000000000000000000000000, sa_flags=SA_RESTART|SA_SIGINFO
SIGHUP: [libjvm.dylib+0x489a1d], sa_mask[0]=11111111111111111111111111111111, sa_flags=SA_RESTART|SA_SIGINFO
SIGINT: [libjvm.dylib+0x489a1d], sa_mask[0]=11111111111111111111111111111111, sa_flags=SA_RESTART|SA_SIGINFO
SIGTERM: [libjvm.dylib+0x489a1d], sa_mask[0]=11111111111111111111111111111111, sa_flags=SA_RESTART|SA_SIGINFO
SIGQUIT: [libjvm.dylib+0x489a1d], sa_mask[0]=11111111111111111111111111111111, sa_flags=SA_RESTART|SA_SIGINFO


---------------  S Y S T E M  ---------------

OS:Bsduname:Darwin 20.3.0 Darwin Kernel Version 20.3.0: Thu Jan 21 00:06:51 PST 2021; root:xnu-7195.81.3~1/RELEASE_ARM64_T8101 x86_64
rlimit: STACK 8176k, CORE 0k, NPROC 2666, NOFILE 10240, AS infinity
load average:2.44 2.34 2.12

CPU:total 8 (initial active 8) (1 cores per cpu, 1 threads per core) family 6 model 44 stepping 0, cmov, cx8, fxsr, mmx, sse, sse2, sse3, ssse3, sse4.1, sse4.2, popcnt, aes, clmul, tsc, tscinvbit, tscinv

Memory: 4k page, physical 16777216k(92792k free)

/proc/meminfo:


vm_info: Java HotSpot(TM) 64-Bit Server VM (25.181-b13) for bsd-amd64 JRE (1.8.0_181-b13), built on Jul  7 2018 01:02:31 by "java_re" with gcc 4.2.1 (Based on Apple Inc. build 5658) (LLVM build 2336.11.00)

time: Mon May 31 19:32:22 2021
elapsed time: 0 seconds (0d 0h 0m 0s)

